********************************************************************************
DUPLICATOR-LITE PACKAGE-LOG: September 13, 2021 1:34 pm
NOTICE: Do NOT post to public sites or forums 
********************************************************************************
VERSION:	1.4.3
WORDPRESS:	5.8.1
PHP INFO:	7.3.27-9+ubuntu18.04.1+deb.sury.org+1 | SAPI: apache2handler
SERVER:		Apache/2.4.29 (Ubuntu) 
PHP TIME LIMIT: (0) no time limit imposed 
PHP MAX MEMORY: 4294967296 (256M default) 
MEMORY STACK: 2MB
[CTRL DUP ARCIVE] PACKAGE AS NEW ID 1 SAVED | STATUS:0
[DUP ARCHIVE] BUILDING DATABASE

********************************************************************************
DATABASE:
********************************************************************************
BUILD MODE:   MYSQLDUMP
MYSQLTIMEOUT: 5000
MYSQLDUMP:    Is Supported
SQL CREATED: 20210913_kuliah_041131dd43d952e08394_20210913133443_database.sql
SQL FILE SIZE: 1.56MB (1638760)
SQL FILE TIME: 2021-09-13 13:34:58
SQL RUNTIME: 0.12 sec.
[DUP ARCHIVE] VALIDATING DATABASE
[DUP ARCHIVE] DONE DATABASE

********************************************************************************
ARCHIVE Type=DUP Mode=DupArchive
********************************************************************************
ARCHIVE DIR:  /var/www/html/wordpress
ARCHIVE FILE: 20210913_kuliah_041131dd43d952e08394_20210913133443_archive.daf
FILTERS: *OFF*
DIRS:
	not set
FILES:
	not set
EXTS:  not set
----------------------------------------
COMPRESSING
SIZE:	162.19MB
STATS:	Dirs 1,339 | Files 7,613 | Total 8,952
[DUP ARCHIVE] DONE ARCHIVE
building installer
add_extra_files1
add_extra_files2
add_extra_files3
add_extra_files4
Doing archive file check
add_extra_files5
add_extra_files6
add_extra_files7
add_extra_files_using_da1
Adding enhanced installer files to archive using DupArchive
[DUP ARCHIVE] DONE ARCHIVE
COMPRESSED SIZE: 63.19MB
ARCHIVE RUNTIME: 10.70 sec.
MEMORY STACK: 2MB
CREATE WARNINGS: No warnings.
VALIDATION WARNINGS: No warnings.
[DUP ARCHIVE] DONE ARCHIVE
[DUP ARCHIVE] HAS COMPLETED CLOSING
[DUP ARCHIVE] DUP ARCHIVE INTEGRITY CHECK

********************************************************************************
INTEGRITY CHECKS:
********************************************************************************
SQL FILE: 1.56MB
INSTALLER FILE: 78.12KB
ARCHIVE FILE: 63.19MB 
EXPECTED FILE/DIRECTORY COUNT: 9,142
ACTUAL FILE/DIRECTORY COUNT: 9,142

********************************************************************************
RECORD ID:[1]
TOTAL PROCESS RUNTIME: 10.71 sec.
PEAK PHP MEMORY USED: 2MB
DONE PROCESSING => 20210913_kuliah 2021-09-13 13:35:09

